Flutter crash report.
Please report a bug at https://github.com/flutter/flutter/issues.

## command

flutter run

## exception

TimeoutException: TimeoutException after 0:00:05.000000: Future not completed

```
#0      Future.timeout.<anonymous closure> (dart:async/future_impl.dart:1042:24)
<asynchronous suspension>
#1      WebkitDebugger.enable (package:dwds/src/debugging/webkit_debugger.dart:158:9)
<asynchronous suspension>
#2      Debugger._initialize (package:dwds/src/debugging/debugger.dart:253:5)
<asynchronous suspension>
#3      Debugger.create (package:dwds/src/debugging/debugger.dart:232:5)
<asynchronous suspension>
#4      ChromeProxyService.createIsolate (package:dwds/src/services/chrome/chrome_proxy_service.dart:282:22)
<asynchronous suspension>
#5      ChromeProxyService.create (package:dwds/src/services/chrome/chrome_proxy_service.dart:144:5)
<asynchronous suspension>
#6      ChromeDebugService.start (package:dwds/src/services/chrome/chrome_debug_service.dart:76:32)
<asynchronous suspension>
#7      DevHandler._createChromeAppServices (package:dwds/src/handlers/dev_handler.dart:363:26)
<asynchronous suspension>
#8      DevHandler.loadAppServices (package:dwds/src/handlers/dev_handler.dart:333:23)
<asynchronous suspension>
#9      DevHandler.createDebugConnectionForChrome (package:dwds/src/handlers/dev_handler.dart:654:30)
<asynchronous suspension>
#10     Dwds.debugConnection (package:dwds/dart_web_debug_service.dart:68:14)
<asynchronous suspension>
#11     WebDevFS.connect.<anonymous closure> (package:flutter_tools/src/isolated/devfs_web.dart:160:17)
<asynchronous suspension>
```

## flutter doctor

```
[32m[✓][39m Flutter (Channel stable, 3.43.0-1.0.pre-562,
    on Microsoft Windows [version
    10.0.19045.6466], locale fr-FR) [2,5s]
    [32m•[39m Flutter version 3.43.0-1.0.pre-562 on
      channel stable at C:\Users\LENOVO\flutter
    [32m•[39m Upstream repository
      https://github.com/flutter/flutter.git
    [32m•[39m Framework revision cbf580243c (2 days ago),
      2026-04-10 18:42:27 -0400
    [32m•[39m Engine revision cbf580243c
    [32m•[39m Dart version 3.13.0 (build 3.13.0-5.0.dev)
    [32m•[39m DevTools version 2.57.0
    [32m•[39m Feature flags: enable-web,
      enable-linux-desktop, enable-macos-desktop,
      enable-windows-desktop, enable-android,
      enable-ios, cli-animations,
      enable-native-assets,
      enable-swift-package-manager,
      omit-legacy-version-file,
      enable-lldb-debugging,
      enable-uiscene-migration

[32m[✓][39m Windows Version (10 Professionnel 64 bits,
    22H2, 2009) [15,4s]

[33m[!][39m Android toolchain - develop for Android
    devices (Android SDK version 36.1.0) [3,4s]
    [32m•[39m Android SDK at
      C:\Users\LENOVO\AppData\Local\Android\sdk
    [32m•[39m Emulator version 36.4.9.0 (build_id
      14788078) (CL:N/A)
    [31m✗[39m cmdline-tools component is missing.
      Try installing or updating Android Studio.
      Alternatively, download the tools from
      https://developer.android.com/studio#command
      -line-tools-only and make sure to set the
      ANDROID_HOME environment variable.
      See
      https://developer.android.com/studio/command
      -line for more details.
    [31m✗[39m Android license status unknown.
      Run `flutter doctor --android-licenses` to
      accept the SDK licenses.
      See
      https://flutter.dev/to/windows-android-setup
      for more details.

[32m[✓][39m Chrome - develop for the web [1 276ms]
    [32m•[39m Chrome at
      C:\Users\LENOVO\AppData\Local\Google\Chrome\
      Application\chrome.exe

[33m[!][39m Visual Studio - develop Windows apps (SQL
    Server Management Studio 22 22.3.2) [1 274ms]
    [32m•[39m Visual Studio at C:\Program Files\Microsoft
      SQL Server Management Studio 22\Release
    [32m•[39m SQL Server Management Studio 22 version
      22.3.11520.95
    [31m✗[39m Visual Studio is missing necessary
      components. Please re-run the Visual Studio
      installer for the "Desktop development with
      C++" workload, and include these components:
        MSVC v142 - VS 2019 C++ x64/x86 build
        tools
         - If there are multiple build tool
         versions available, install the latest
        C++ CMake tools for Windows
        Windows 10 SDK

[32m[✓][39m Connected device (4 available) [2,1s]
    [32m•[39m sdk gphone16k x86 64 (mobile) •
      emulator-5554 • android-x64    • Android 17
      (API 37) (emulator)
    [32m•[39m Windows (desktop)             • windows
      • windows-x64    • Microsoft Windows
      [version 10.0.19045.6466]
    [32m•[39m Chrome (web)                  • chrome
      • web-javascript • Google Chrome
      147.0.7727.55
    [32m•[39m Edge (web)                    • edge
      • web-javascript • Microsoft Edge
      146.0.3856.109

[32m[✓][39m Network resources [1 055ms]
    [32m•[39m All expected network resources are
      available.

[33m![39m Doctor found issues in 2 categories.
```
